
Jul 25, 2018 15:17:19.90 NEW SESSION
Jul 25, 2018 15:17:19.90 Created new window in existing browser session.
Jul 25, 2018 15:18:32.67 Created new window in existing browser session.
Jul 25, 2018 15:39:20.16 Created new window in existing browser session.
Jul 25, 2018 16:46:25.96 Created new window in existing browser session.
Jul 25, 2018 16:57:48.40 Created new window in existing browser session.
Jul 25, 2018 17:00:39.63 Created new window in existing browser session.
Jul 25, 2018 17:07:32.57 Created new window in existing browser session.
Jul 25, 2018 17:53:32.66 Created new window in existing browser session.
Jul 25, 2018 17:54:26.46 Created new window in existing browser session.
Jul 25, 2018 17:59:24.16 Created new window in existing browser session.

Jul 26, 2018 09:26:43.83 NEW SESSION
Jul 26, 2018 09:26:43.83 Created new window in existing browser session.
Jul 26, 2018 09:31:10.45 Created new window in existing browser session.
Jul 26, 2018 09:36:53.68 Created new window in existing browser session.
Jul 26, 2018 09:48:30.98 Created new window in existing browser session.
Jul 26, 2018 10:00:01.64 Created new window in existing browser session.
Jul 26, 2018 10:02:00.36 Created new window in existing browser session.
Jul 26, 2018 10:21:08.97 Created new window in existing browser session.
Jul 26, 2018 10:25:26.65 Created new window in existing browser session.
Jul 26, 2018 10:26:00.79 Created new window in existing browser session.
Jul 26, 2018 10:26:45.91 Created new window in existing browser session.
Jul 26, 2018 10:28:05.61 Created new window in existing browser session.

Jul 26, 2018 10:30:14.00 NEW SESSION
Jul 26, 2018 10:30:14.00 Created new window in existing browser session.
Jul 26, 2018 11:53:13.86 Created new window in existing browser session.
Jul 26, 2018 11:58:28.21 Created new window in existing browser session.

Jul 26, 2018 12:04:56.57 NEW SESSION
Jul 26, 2018 12:04:56.57 [1:17:0726/120456.575469:ERROR:adm_helpers.cc(73)] Failed to query stereo recording.
Jul 26, 2018 12:04:59.56 [1:17:0726/120459.561024:ERROR:adm_helpers.cc(73)] Failed to query stereo recording.
Jul 26, 2018 12:05:03.84 [1:17:0726/120503.844592:ERROR:adm_helpers.cc(73)] Failed to query stereo recording.
Jul 26, 2018 12:05:04.74 [1:21:0726/120504.738556:ERROR:adm_helpers.cc(73)] Failed to query stereo recording.
Jul 26, 2018 12:49:25.17 [2484:2484:0726/124925.174870:ERROR:latency_info.cc(164)] Surface::TakeLatencyInfoFromFrame, LatencyInfo vector size 102 is too big.
Jul 26, 2018 12:49:26.02 [2484:2484:0726/124926.026348:ERROR:latency_info.cc(164)] Surface::TakeLatencyInfoFromFrame, LatencyInfo vector size 102 is too big.
Jul 26, 2018 12:49:26.87 [2484:2484:0726/124926.879280:ERROR:latency_info.cc(164)] Surface::TakeLatencyInfoFromFrame, LatencyInfo vector size 102 is too big.
Jul 26, 2018 15:41:21.97 [2526:2526:0726/154121.977221:ERROR:buffer_manager.cc(461)] [.DisplayCompositor-0x2e158fe8800]GL ERROR :GL_INVALID_OPERATION : glBufferData: <- error from previous GL command
Jul 26, 2018 15:41:24.99 [2526:2526:0726/154124.994080:ERROR:buffer_manager.cc(461)] [.DisplayCompositor-0x2e158fe8800]GL ERROR :GL_INVALID_OPERATION : glBufferData: <- error from previous GL command
Jul 26, 2018 16:05:16.06 Created new window in existing browser session.
Jul 26, 2018 16:09:21.17 Created new window in existing browser session.
Jul 26, 2018 16:11:02.57 Created new window in existing browser session.
Jul 26, 2018 16:11:23.81 Created new window in existing browser session.
Jul 26, 2018 16:29:23.46 [2526:2526:0726/162923.467716:ERROR:buffer_manager.cc(461)] [.DisplayCompositor-0x2e158d13000]GL ERROR :GL_INVALID_OPERATION : glBufferData: <- error from previous GL command
Jul 26, 2018 17:18:37.69 [1:17:0726/171837.695991:ERROR:adm_helpers.cc(73)] Failed to query stereo recording.
Jul 26, 2018 17:42:53.73 Created new window in existing browser session.
Jul 26, 2018 17:44:18.03 Created new window in existing browser session.
Jul 26, 2018 17:45:21.86 Created new window in existing browser session.
Jul 26, 2018 17:46:47.59 Created new window in existing browser session.

Jul 26, 2018 18:27:25.49 NEW SESSION
Jul 26, 2018 18:27:25.49 Created new window in existing browser session.

Jul 27, 2018 11:54:17.85 NEW SESSION
Jul 27, 2018 11:54:17.85 Created new window in existing browser session.
Jul 27, 2018 11:58:33.62 Created new window in existing browser session.
Jul 27, 2018 11:58:51.20 Created new window in existing browser session.
Jul 27, 2018 12:02:27.69 Created new window in existing browser session.
Jul 27, 2018 12:15:28.22 Created new window in existing browser session.
Jul 27, 2018 12:15:40.93 Created new window in existing browser session.
Jul 27, 2018 12:46:26.94 Created new window in existing browser session.
Jul 27, 2018 12:59:00.25 Created new window in existing browser session.
Jul 27, 2018 14:38:45.25 Created new window in existing browser session.
Jul 27, 2018 14:40:07.33 Created new window in existing browser session.
Jul 27, 2018 14:42:03.20 Created new window in existing browser session.
Jul 27, 2018 14:44:23.46 Created new window in existing browser session.
Jul 27, 2018 14:52:42.35 Created new window in existing browser session.
Jul 27, 2018 15:27:28.29 Created new window in existing browser session.
Jul 27, 2018 15:34:14.30 Created new window in existing browser session.
Jul 27, 2018 15:40:51.69 Created new window in existing browser session.
Jul 27, 2018 15:42:02.51 Created new window in existing browser session.
Jul 27, 2018 15:44:09.57 Created new window in existing browser session.
Jul 27, 2018 15:45:40.38 Created new window in existing browser session.
Jul 27, 2018 16:28:10.38 Created new window in existing browser session.
Jul 27, 2018 16:29:56.22 Created new window in existing browser session.
Jul 27, 2018 16:31:20.36 Created new window in existing browser session.
Jul 27, 2018 16:32:18.37 Created new window in existing browser session.
Jul 27, 2018 16:38:26.89 Created new window in existing browser session.
Jul 27, 2018 16:41:16.44 Created new window in existing browser session.
Jul 27, 2018 16:44:29.39 Created new window in existing browser session.

Jul 27, 2018 17:17:28.02 NEW SESSION
Jul 27, 2018 17:17:28.02 Created new window in existing browser session.
Jul 27, 2018 17:17:38.61 [1:17:0727/171738.612894:ERROR:adm_helpers.cc(73)] Failed to query stereo recording.
Jul 27, 2018 17:19:27.98 Created new window in existing browser session.
Jul 27, 2018 17:24:24.42 Created new window in existing browser session.
Jul 27, 2018 17:27:51.27 Created new window in existing browser session.
Jul 27, 2018 17:28:59.07 Created new window in existing browser session.
Jul 27, 2018 17:29:39.74 Created new window in existing browser session.
Jul 27, 2018 17:33:32.06 Created new window in existing browser session.
Jul 27, 2018 17:37:28.45 Created new window in existing browser session.
Jul 27, 2018 17:43:44.35 Created new window in existing browser session.
Jul 27, 2018 18:02:51.26 [2556:2556:0727/180251.269695:ERROR:latency_info.cc(164)] Surface::TakeLatencyInfoFromFrame, LatencyInfo vector size 101 is too big.
Jul 27, 2018 18:02:56.55 [2556:2556:0727/180256.555544:ERROR:latency_info.cc(164)] Surface::TakeLatencyInfoFromFrame, LatencyInfo vector size 101 is too big.
Jul 27, 2018 18:03:01.69 [2556:2556:0727/180301.690291:ERROR:latency_info.cc(164)] Surface::TakeLatencyInfoFromFrame, LatencyInfo vector size 102 is too big.
Jul 27, 2018 18:03:08.61 [2556:2556:0727/180308.613966:ERROR:latency_info.cc(164)] Surface::TakeLatencyInfoFromFrame, LatencyInfo vector size 101 is too big.
Jul 27, 2018 18:03:13.88 [2556:2556:0727/180313.881684:ERROR:latency_info.cc(164)] Surface::TakeLatencyInfoFromFrame, LatencyInfo vector size 101 is too big.
Jul 27, 2018 18:03:19.00 [2556:2556:0727/180319.000422:ERROR:latency_info.cc(164)] Surface::TakeLatencyInfoFromFrame, LatencyInfo vector size 101 is too big.
Jul 27, 2018 18:03:25.92 [2556:2556:0727/180325.924560:ERROR:latency_info.cc(164)] Surface::TakeLatencyInfoFromFrame, LatencyInfo vector size 101 is too big.

Jul 28, 2018 09:56:53.15 NEW SESSION
Jul 28, 2018 09:56:53.15 Created new window in existing browser session.
Jul 28, 2018 09:57:44.08 Created new window in existing browser session.
Jul 28, 2018 10:00:30.24 Created new window in existing browser session.
Jul 28, 2018 10:23:45.38 Created new window in existing browser session.
Jul 28, 2018 10:27:49.58 Created new window in existing browser session.
Jul 28, 2018 10:55:44.47 Created new window in existing browser session.
Jul 28, 2018 10:59:47.91 Created new window in existing browser session.
Jul 28, 2018 11:01:27.15 Created new window in existing browser session.
Jul 28, 2018 11:03:38.58 Created new window in existing browser session.
Jul 28, 2018 11:08:57.42 Created new window in existing browser session.

Jul 28, 2018 11:41:32.76 NEW SESSION
Jul 28, 2018 11:41:32.76 Created new window in existing browser session.

Jul 28, 2018 12:17:47.94 NEW SESSION
Jul 28, 2018 12:17:47.94 Created new window in existing browser session.
Jul 28, 2018 12:32:46.79 Created new window in existing browser session.
Jul 28, 2018 12:35:38.94 Created new window in existing browser session.
Jul 28, 2018 12:37:37.35 Created new window in existing browser session.
Jul 28, 2018 12:40:14.10 Created new window in existing browser session.
Jul 28, 2018 12:46:11.84 Created new window in existing browser session.
Jul 28, 2018 12:55:53.38 Created new window in existing browser session.
Jul 28, 2018 13:00:58.59 Created new window in existing browser session.
Jul 28, 2018 13:59:14.41 Created new window in existing browser session.

Jul 28, 2018 18:22:26.80 NEW SESSION
Jul 28, 2018 18:22:26.80 [1:17:0728/182226.799126:ERROR:adm_helpers.cc(73)] Failed to query stereo recording.

Jul 30, 2018 10:10:17.76 NEW SESSION
Jul 30, 2018 10:10:17.76 Created new window in existing browser session.
Jul 30, 2018 11:31:31.01 Created new window in existing browser session.

Jul 30, 2018 12:10:39.47 NEW SESSION
Jul 30, 2018 12:10:39.47 [1:17:0730/121039.469544:ERROR:adm_helpers.cc(73)] Failed to query stereo recording.
Jul 30, 2018 12:10:44.26 [1:17:0730/121044.265386:ERROR:adm_helpers.cc(73)] Failed to query stereo recording.

Jul 30, 2018 12:34:04.04 NEW SESSION
Jul 30, 2018 12:34:04.04 [2471:2471:0730/123404.047333:ERROR:in_progress_cache_impl.cc(188)] Cache is not initialized, cannot RetrieveEntry.
Jul 30, 2018 12:34:04.34 [2471:2471:0730/123404.047426:ERROR:in_progress_cache_impl.cc(188)] Cache is not initialized, cannot RetrieveEntry.
Jul 30, 2018 12:34:04.34 [2471:2471:0730/123404.047454:ERROR:in_progress_cache_impl.cc(188)] Cache is not initialized, cannot RetrieveEntry.
Jul 30, 2018 12:34:04.34 [2471:2471:0730/123404.047476:ERROR:in_progress_cache_impl.cc(188)] Cache is not initialized, cannot RetrieveEntry.
Jul 30, 2018 12:34:04.34 [2471:2471:0730/123404.047497:ERROR:in_progress_cache_impl.cc(188)] Cache is not initialized, cannot RetrieveEntry.
Jul 30, 2018 12:34:04.34 [2471:2471:0730/123404.047515:ERROR:in_progress_cache_impl.cc(188)] Cache is not initialized, cannot RetrieveEntry.
Jul 30, 2018 12:34:04.34 [2471:2471:0730/123404.047534:ERROR:in_progress_cache_impl.cc(188)] Cache is not initialized, cannot RetrieveEntry.
Jul 30, 2018 13:01:43.49 [1:16:0730/130143.494769:ERROR:adm_helpers.cc(73)] Failed to query stereo recording.
Jul 30, 2018 13:01:45.85 [1:16:0730/130145.855466:ERROR:adm_helpers.cc(73)] Failed to query stereo recording.
Jul 30, 2018 13:02:39.72 [1:19:0730/130239.726267:ERROR:adm_helpers.cc(73)] Failed to query stereo recording.

Jul 30, 2018 15:38:51.80 NEW SESSION
Jul 30, 2018 15:38:51.80 [1:17:0730/153851.800856:ERROR:adm_helpers.cc(73)] Failed to query stereo recording.
Jul 30, 2018 15:38:59.76 [1:18:0730/153859.760760:ERROR:adm_helpers.cc(73)] Failed to query stereo recording.
Jul 30, 2018 15:39:13.61 Created new window in existing browser session.
Jul 30, 2018 15:47:35.31 Created new window in existing browser session.
Jul 30, 2018 16:13:14.75 Created new window in existing browser session.
Jul 30, 2018 16:13:57.68 Created new window in existing browser session.
Jul 30, 2018 16:18:02.21 Created new window in existing browser session.

Jul 30, 2018 18:10:06.73 NEW SESSION
Jul 30, 2018 18:10:06.73 Created new window in existing browser session.
Jul 30, 2018 18:22:10.79 Created new window in existing browser session.
Jul 30, 2018 18:22:42.55 Created new window in existing browser session.
Jul 30, 2018 18:28:43.79 Created new window in existing browser session.

Jul 31, 2018 09:57:38.36 NEW SESSION
Jul 31, 2018 09:57:38.36 Created new window in existing browser session.

Jul 31, 2018 11:31:05.05 NEW SESSION
Jul 31, 2018 11:31:05.05 Created new window in existing browser session.
Jul 31, 2018 11:58:59.21 Created new window in existing browser session.
Jul 31, 2018 11:59:25.86 Created new window in existing browser session.
Jul 31, 2018 12:01:39.73 Created new window in existing browser session.
Jul 31, 2018 12:17:41.18 Created new window in existing browser session.
Jul 31, 2018 12:26:17.67 Created new window in existing browser session.
Jul 31, 2018 12:26:46.11 Created new window in existing browser session.
Jul 31, 2018 13:26:00.27 Created new window in existing browser session.
Jul 31, 2018 13:26:28.49 Created new window in existing browser session.

Jul 31, 2018 14:28:58.52 NEW SESSION
Jul 31, 2018 14:28:58.52 Created new window in existing browser session.

Aug 01, 2018 16:47:22.63 NEW SESSION
Aug 01, 2018 16:47:22.63 Created new window in existing browser session.
Aug 01, 2018 17:47:01.71 Created new window in existing browser session.
Aug 01, 2018 17:48:01.10 Created new window in existing browser session.
Aug 01, 2018 18:58:11.68 Created new window in existing browser session.
Aug 01, 2018 19:03:11.13 Created new window in existing browser session.
Aug 01, 2018 19:28:17.22 Created new window in existing browser session.

Aug 02, 2018 09:12:26.05 NEW SESSION
Aug 02, 2018 09:12:26.05 Created new window in existing browser session.
Aug 02, 2018 09:12:44.12 Created new window in existing browser session.
Aug 02, 2018 09:14:47.36 Created new window in existing browser session.
Aug 02, 2018 09:15:09.26 Created new window in existing browser session.
Aug 02, 2018 09:15:41.05 Created new window in existing browser session.
Aug 02, 2018 09:17:07.39 Created new window in existing browser session.
Aug 02, 2018 09:17:40.34 Created new window in existing browser session.
Aug 02, 2018 09:18:14.41 Created new window in existing browser session.
Aug 02, 2018 09:19:03.46 Created new window in existing browser session.
Aug 02, 2018 09:20:38.13 Created new window in existing browser session.
Aug 02, 2018 09:21:17.17 Created new window in existing browser session.
Aug 02, 2018 10:55:53.37 Created new window in existing browser session.
Aug 02, 2018 10:56:23.92 Created new window in existing browser session.
Aug 02, 2018 11:05:03.84 Created new window in existing browser session.

Aug 02, 2018 11:28:20.62 NEW SESSION
Aug 02, 2018 11:28:20.63 [3142:3161:0802/112820.627985:ERROR:service_manager_context.cc(250)] Attempting to run unsupported native service: /opt/google/chrome/chrome_renderer.service
Aug 02, 2018 11:28:20.65 [3142:3161:0802/112820.628121:ERROR:service_manager_context.cc(250)] Attempting to run unsupported native service: /opt/google/chrome/chrome_renderer.service
Aug 02, 2018 11:28:20.65 [3142:3161:0802/112820.628183:ERROR:service_manager_context.cc(250)] Attempting to run unsupported native service: /opt/google/chrome/chrome_renderer.service
Aug 02, 2018 11:28:20.65 [3142:3161:0802/112820.628258:ERROR:service_manager_context.cc(250)] Attempting to run unsupported native service: /opt/google/chrome/chrome_renderer.service
Aug 02, 2018 11:28:20.65 [3142:3161:0802/112820.628331:ERROR:service_manager_context.cc(250)] Attempting to run unsupported native service: /opt/google/chrome/chrome_renderer.service
Aug 02, 2018 11:28:20.65 [3142:3161:0802/112820.628402:ERROR:service_manager_context.cc(250)] Attempting to run unsupported native service: /opt/google/chrome/chrome_renderer.service
Aug 02, 2018 11:28:20.65 [3142:3161:0802/112820.628475:ERROR:service_manager_context.cc(250)] Attempting to run unsupported native service: /opt/google/chrome/chrome_renderer.service
Aug 02, 2018 11:28:20.65 [3142:3161:0802/112820.628538:ERROR:service_manager_context.cc(250)] Attempting to run unsupported native service: /opt/google/chrome/chrome_renderer.service
Aug 02, 2018 11:28:20.65 [3142:3161:0802/112820.628617:ERROR:service_manager_context.cc(250)] Attempting to run unsupported native service: /opt/google/chrome/chrome_renderer.service
Aug 02, 2018 11:28:20.65 [3142:3161:0802/112820.628674:ERROR:service_manager_context.cc(250)] Attempting to run unsupported native service: /opt/google/chrome/chrome_renderer.service
Aug 02, 2018 11:28:20.65 [3142:3161:0802/112820.628744:ERROR:service_manager_context.cc(250)] Attempting to run unsupported native service: /opt/google/chrome/chrome_renderer.service
Aug 02, 2018 11:28:20.65 [3142:3161:0802/112820.628799:ERROR:service_manager_context.cc(250)] Attempting to run unsupported native service: /opt/google/chrome/chrome_renderer.service
Aug 02, 2018 11:28:20.65 [3142:3161:0802/112820.628872:ERROR:service_manager_context.cc(250)] Attempting to run unsupported native service: /opt/google/chrome/chrome_renderer.service
Aug 02, 2018 11:28:20.65 [3142:3161:0802/112820.633228:ERROR:service_manager_context.cc(250)] Attempting to run unsupported native service: /opt/google/chrome/chrome_renderer.service
Aug 02, 2018 11:28:20.65 [3142:3161:0802/112820.633360:ERROR:service_manager_context.cc(250)] Attempting to run unsupported native service: /opt/google/chrome/chrome_renderer.service
Aug 02, 2018 11:28:20.65 [3142:3161:0802/112820.633519:ERROR:service_manager_context.cc(250)] Attempting to run unsupported native service: /opt/google/chrome/chrome_renderer.service
Aug 02, 2018 11:28:20.65 [3142:3161:0802/112820.633671:ERROR:service_manager_context.cc(250)] Attempting to run unsupported native service: /opt/google/chrome/chrome_renderer.service
Aug 02, 2018 11:28:20.65 [3142:3161:0802/112820.633827:ERROR:service_manager_context.cc(250)] Attempting to run unsupported native service: /opt/google/chrome/chrome_renderer.service
Aug 02, 2018 11:28:20.65 [3142:3161:0802/112820.633985:ERROR:service_manager_context.cc(250)] Attempting to run unsupported native service: /opt/google/chrome/chrome_renderer.service
Aug 02, 2018 11:28:20.65 [3142:3161:0802/112820.634122:ERROR:service_manager_context.cc(250)] Attempting to run unsupported native service: /opt/google/chrome/chrome_renderer.service
Aug 02, 2018 11:28:20.65 [3142:3161:0802/112820.634315:ERROR:service_manager_context.cc(250)] Attempting to run unsupported native service: /opt/google/chrome/chrome_renderer.service
Aug 02, 2018 11:28:20.65 [3142:3161:0802/112820.634511:ERROR:service_manager_context.cc(250)] Attempting to run unsupported native service: /opt/google/chrome/chrome_renderer.service
Aug 02, 2018 11:28:20.65 [3142:3161:0802/112820.634723:ERROR:service_manager_context.cc(250)] Attempting to run unsupported native service: /opt/google/chrome/chrome_renderer.service
Aug 02, 2018 11:28:20.65 [3142:3161:0802/112820.634909:ERROR:service_manager_context.cc(250)] Attempting to run unsupported native service: /opt/google/chrome/chrome_renderer.service
Aug 02, 2018 11:28:20.65 [3142:3161:0802/112820.635112:ERROR:service_manager_context.cc(250)] Attempting to run unsupported native service: /opt/google/chrome/chrome_renderer.service
Aug 02, 2018 11:28:20.65 [3142:3161:0802/112820.635284:ERROR:service_manager_context.cc(250)] Attempting to run unsupported native service: /opt/google/chrome/chrome_renderer.service
Aug 02, 2018 11:29:20.00 [1:16:0802/112920.009333:ERROR:adm_helpers.cc(73)] Failed to query stereo recording.
Aug 02, 2018 11:29:24.18 [1:16:0802/112924.181359:ERROR:adm_helpers.cc(73)] Failed to query stereo recording.
Aug 02, 2018 11:29:25.07 [1:16:0802/112925.075981:ERROR:adm_helpers.cc(73)] Failed to query stereo recording.
Aug 02, 2018 11:29:26.70 [1:16:0802/112926.701619:ERROR:adm_helpers.cc(73)] Failed to query stereo recording.
Aug 02, 2018 11:29:27.37 [1:16:0802/112927.379367:ERROR:adm_helpers.cc(73)] Failed to query stereo recording.
Aug 02, 2018 11:39:55.58 Created new window in existing browser session.
Aug 02, 2018 11:40:41.33 Created new window in existing browser session.
Aug 02, 2018 11:52:27.26 Created new window in existing browser session.
Aug 02, 2018 12:46:52.26 [1:17:0802/124652.261961:ERROR:adm_helpers.cc(73)] Failed to query stereo recording.
Aug 02, 2018 12:53:41.41 [3142:3142:0802/125341.411860:ERROR:latency_info.cc(163)] Surface::TakeLatencyInfoFromFrame, LatencyInfo vector size 101 is too big.
Aug 02, 2018 12:53:42.26 [3142:3142:0802/125342.263034:ERROR:latency_info.cc(163)] Surface::TakeLatencyInfoFromFrame, LatencyInfo vector size 102 is too big.
Aug 02, 2018 12:53:43.11 [3142:3142:0802/125343.115787:ERROR:latency_info.cc(163)] Surface::TakeLatencyInfoFromFrame, LatencyInfo vector size 102 is too big.

Aug 02, 2018 16:52:06.80 NEW SESSION
Aug 02, 2018 16:52:06.80 Created new window in existing browser session.
Aug 02, 2018 17:42:17.10 Created new window in existing browser session.
Aug 02, 2018 17:45:14.70 Created new window in existing browser session.

Aug 03, 2018 10:28:29.38 NEW SESSION
Aug 03, 2018 10:28:29.38 Created new window in existing browser session.
Aug 03, 2018 10:29:17.70 Created new window in existing browser session.
Aug 03, 2018 14:50:01.89 Created new window in existing browser session.
Aug 03, 2018 14:50:35.73 Created new window in existing browser session.

Aug 04, 2018 09:44:36.62 NEW SESSION
Aug 04, 2018 09:44:36.62 Created new window in existing browser session.

Aug 04, 2018 19:13:29.66 NEW SESSION
Aug 04, 2018 19:13:29.66 [4422:4443:0804/191329.659248:ERROR:service_manager_context.cc(250)] Attempting to run unsupported native service: /opt/google/chrome/chrome_renderer.service
Aug 04, 2018 19:13:29.84 [4422:4443:0804/191329.659350:ERROR:service_manager_context.cc(250)] Attempting to run unsupported native service: /opt/google/chrome/chrome_renderer.service
Aug 04, 2018 19:13:29.85 [4422:4443:0804/191329.659511:ERROR:service_manager_context.cc(250)] Attempting to run unsupported native service: /opt/google/chrome/chrome_renderer.service
Aug 04, 2018 19:13:29.85 [4422:4443:0804/191329.659567:ERROR:service_manager_context.cc(250)] Attempting to run unsupported native service: /opt/google/chrome/chrome_renderer.service
Aug 04, 2018 19:13:29.85 [4422:4443:0804/191329.659625:ERROR:service_manager_context.cc(250)] Attempting to run unsupported native service: /opt/google/chrome/chrome_renderer.service
Aug 04, 2018 19:13:29.85 [4422:4443:0804/191329.659677:ERROR:service_manager_context.cc(250)] Attempting to run unsupported native service: /opt/google/chrome/chrome_renderer.service
Aug 04, 2018 19:13:29.85 [4422:4443:0804/191329.659779:ERROR:service_manager_context.cc(250)] Attempting to run unsupported native service: /opt/google/chrome/chrome_renderer.service
Aug 04, 2018 19:13:29.85 [4422:4443:0804/191329.662675:ERROR:service_manager_context.cc(250)] Attempting to run unsupported native service: /opt/google/chrome/chrome_renderer.service
Aug 04, 2018 19:13:29.85 [4422:4443:0804/191329.662754:ERROR:service_manager_context.cc(250)] Attempting to run unsupported native service: /opt/google/chrome/chrome_renderer.service
Aug 04, 2018 19:13:29.85 [4422:4443:0804/191329.662840:ERROR:service_manager_context.cc(250)] Attempting to run unsupported native service: /opt/google/chrome/chrome_renderer.service
Aug 04, 2018 19:13:29.85 [4422:4443:0804/191329.663014:ERROR:service_manager_context.cc(250)] Attempting to run unsupported native service: /opt/google/chrome/chrome_renderer.service
Aug 04, 2018 19:13:29.85 [4422:4443:0804/191329.663092:ERROR:service_manager_context.cc(250)] Attempting to run unsupported native service: /opt/google/chrome/chrome_renderer.service
Aug 04, 2018 19:13:29.85 [4422:4443:0804/191329.663247:ERROR:service_manager_context.cc(250)] Attempting to run unsupported native service: /opt/google/chrome/chrome_renderer.service
Aug 04, 2018 19:13:29.86 [4422:4443:0804/191329.663367:ERROR:service_manager_context.cc(250)] Attempting to run unsupported native service: /opt/google/chrome/chrome_renderer.service
Aug 04, 2018 19:13:40.49 [1:17:0804/191340.457439:ERROR:adm_helpers.cc(73)] Failed to query stereo recording.
